20:55:19,299 INFO  Global_asax            Application_Start  - Application started...
20:57:28,862 INFO  Global_asax            Application_Start  - Application started...
20:58:16,674 DEBUG Address                Sync4              - SupplierID: TEST // UserID: TEST
20:58:18,221 DEBUG Address                Sync4              - <?xml version="1.0"?>
<ArrayOfAddressInfo xmlns:xsi="http://www.w3.org/2001/XMLSchema-instance" xmlns:xsd="http://www.w3.org/2001/XMLSchema">
  <AddressInfo>
    <SupplierID>TEST</SupplierID>
    <AccountID>TEST</AccountID>
    <AddressID>2</AddressID>
    <Street>Selby street</Street>
    <Deleted>false</Deleted>
  </AddressInfo>
</ArrayOfAddressInfo>
20:58:19,674 INFO  Address                Modify             - entered...
20:58:19,830 INFO  Address                Modify             - exited
20:58:21,409 DEBUG Address                Modify             - <?xml version="1.0"?>
<BaseResponse xmlns:xsi="http://www.w3.org/2001/XMLSchema-instance" xmlns:xsd="http://www.w3.org/2001/XMLSchema">
  <Status>false</Status>
  <Errors>Could not find stored procedure 'usp_Addresss_modify'.</Errors>
</BaseResponse>
20:58:22,487 DEBUG Address                Sync4              - <?xml version="1.0"?>
<AddressSync4Response xmlns:xsi="http://www.w3.org/2001/XMLSchema-instance" xmlns:xsd="http://www.w3.org/2001/XMLSchema">
  <Status>false</Status>
  <Errors>Could not find stored procedure 'usp_Addresss_sync2'.</Errors>
  <Errors>Could not find stored procedure 'usp_Addresss_modify'.</Errors>
  <LastVersion>10462</LastVersion>
</AddressSync4Response>
20:58:22,487 INFO  Address                Sync4              - exited
20:59:34,877 INFO  Global_asax            Application_Start  - Application started...
21:00:38,065 DEBUG Address                Sync4              - SupplierID: TEST // UserID: TEST
21:00:39,221 DEBUG Address                Sync4              - <?xml version="1.0"?>
<ArrayOfAddressInfo xmlns:xsi="http://www.w3.org/2001/XMLSchema-instance" xmlns:xsd="http://www.w3.org/2001/XMLSchema">
  <AddressInfo>
    <SupplierID>TEST</SupplierID>
    <AccountID>TEST</AccountID>
    <AddressID>2</AddressID>
    <Street>Selby street</Street>
    <Deleted>false</Deleted>
  </AddressInfo>
</ArrayOfAddressInfo>
21:00:39,549 INFO  Address                Modify             - entered...
21:00:39,690 INFO  Address                Modify             - exited
21:00:41,424 DEBUG Address                Modify             - <?xml version="1.0"?>
<BaseResponse xmlns:xsi="http://www.w3.org/2001/XMLSchema-instance" xmlns:xsd="http://www.w3.org/2001/XMLSchema">
  <Status>false</Status>
  <Errors>Procedure or function 'usp_address_modify' expects parameter '@Unit', which was not supplied.</Errors>
</BaseResponse>
21:00:42,549 DEBUG Address                Sync4              - <?xml version="1.0"?>
<AddressSync4Response xmlns:xsi="http://www.w3.org/2001/XMLSchema-instance" xmlns:xsd="http://www.w3.org/2001/XMLSchema">
  <Status>false</Status>
  <Errors>Could not find stored procedure 'usp_Address_sync2'.</Errors>
  <Errors>Procedure or function 'usp_address_modify' expects parameter '@Unit', which was not supplied.</Errors>
  <LastVersion>10462</LastVersion>
</AddressSync4Response>
21:00:42,549 INFO  Address                Sync4              - exited
21:07:11,627 INFO  Global_asax            Application_Start  - Application started...
21:07:42,799 DEBUG Address                Sync4              - SupplierID: TEST // UserID: TEST
21:07:46,815 DEBUG Address                Sync4              - <?xml version="1.0"?>
<ArrayOfAddressInfo xmlns:xsi="http://www.w3.org/2001/XMLSchema-instance" xmlns:xsd="http://www.w3.org/2001/XMLSchema">
  <AddressInfo>
    <SupplierID>TEST</SupplierID>
    <AccountID>TEST</AccountID>
    <AddressID>2</AddressID>
    <Street>Selby street</Street>
    <Deleted>false</Deleted>
  </AddressInfo>
</ArrayOfAddressInfo>
21:09:06,096 INFO  Address                Modify             - entered...
21:09:06,361 INFO  Address                Modify             - exited
21:09:07,736 DEBUG Address                Modify             - <?xml version="1.0"?>
<BaseResponse xmlns:xsi="http://www.w3.org/2001/XMLSchema-instance" xmlns:xsd="http://www.w3.org/2001/XMLSchema">
  <Status>false</Status>
  <Errors>@Cuntry is not a parameter for procedure usp_address_modify.</Errors>
</BaseResponse>
21:09:37,830 DEBUG Address                Sync4              - <?xml version="1.0"?>
<AddressSync4Response xmlns:xsi="http://www.w3.org/2001/XMLSchema-instance" xmlns:xsd="http://www.w3.org/2001/XMLSchema">
  <Status>false</Status>
  <Errors>@Cuntry is not a parameter for procedure usp_address_modify.</Errors>
  <Addresss>
    <AddressInfo>
      <SupplierID>TEST</SupplierID>
      <AccountID>TEST</AccountID>
      <AddressID>0</AddressID>
      <unit>1</unit>
      <Street>2</Street>
      <PostalCode>3</PostalCode>
      <City>4</City>
      <Region />
      <Country />
      <Telephone />
      <Cell />
      <Fax />
      <WebSite />
      <Email />
      <Deleted>false</Deleted>
    </AddressInfo>
    <AddressInfo>
      <SupplierID>TEST</SupplierID>
      <AccountID>TEST</AccountID>
      <AddressID>1</AddressID>
      <unit>1</unit>
      <Street>2</Street>
      <PostalCode>3</PostalCode>
      <City>4</City>
      <Region />
      <Country />
      <Telephone />
      <Cell />
      <Fax />
      <WebSite />
      <Email />
      <Deleted>true</Deleted>
    </AddressInfo>
  </Addresss>
  <LastVersion>10462</LastVersion>
</AddressSync4Response>
21:09:37,846 INFO  Address                Sync4              - exited
21:11:04,018 INFO  Global_asax            Application_Start  - Application started...
21:11:31,580 DEBUG Address                Sync4              - SupplierID: TEST // UserID: TEST
21:11:34,924 DEBUG Address                Sync4              - <?xml version="1.0"?>
<ArrayOfAddressInfo xmlns:xsi="http://www.w3.org/2001/XMLSchema-instance" xmlns:xsd="http://www.w3.org/2001/XMLSchema">
  <AddressInfo>
    <SupplierID>TEST</SupplierID>
    <AccountID>TEST</AccountID>
    <AddressID>2</AddressID>
    <Street>Selby street</Street>
    <Deleted>false</Deleted>
  </AddressInfo>
</ArrayOfAddressInfo>
21:11:35,236 INFO  Address                Modify             - entered...
21:11:35,299 INFO  Address                Modify             - exited
21:11:36,190 DEBUG Address                Modify             - <?xml version="1.0"?>
<BaseResponse xmlns:xsi="http://www.w3.org/2001/XMLSchema-instance" xmlns:xsd="http://www.w3.org/2001/XMLSchema">
  <Status>true</Status>
</BaseResponse>
21:11:37,205 DEBUG Address                Sync4              - <?xml version="1.0"?>
<AddressSync4Response xmlns:xsi="http://www.w3.org/2001/XMLSchema-instance" xmlns:xsd="http://www.w3.org/2001/XMLSchema">
  <Status>true</Status>
  <Addresss>
    <AddressInfo>
      <SupplierID>TEST</SupplierID>
      <AccountID>TEST</AccountID>
      <AddressID>0</AddressID>
      <unit>1</unit>
      <Street>2</Street>
      <PostalCode>3</PostalCode>
      <City>4</City>
      <Region />
      <Country />
      <Telephone />
      <Cell />
      <Fax />
      <WebSite />
      <Email />
      <Deleted>false</Deleted>
    </AddressInfo>
    <AddressInfo>
      <SupplierID>TEST</SupplierID>
      <AccountID>TEST</AccountID>
      <AddressID>1</AddressID>
      <unit>1</unit>
      <Street>2</Street>
      <PostalCode>3</PostalCode>
      <City>4</City>
      <Region />
      <Country />
      <Telephone />
      <Cell />
      <Fax />
      <WebSite />
      <Email />
      <Deleted>true</Deleted>
    </AddressInfo>
  </Addresss>
  <LastVersion>10464</LastVersion>
</AddressSync4Response>
21:11:37,205 INFO  Address                Sync4              - exited
21:12:01,236 DEBUG Address                Sync4              - SupplierID: TEST // UserID: TEST
21:12:06,268 DEBUG Address                Sync4              - <?xml version="1.0"?>
<ArrayOfAddressInfo xmlns:xsi="http://www.w3.org/2001/XMLSchema-instance" xmlns:xsd="http://www.w3.org/2001/XMLSchema">
  <AddressInfo>
    <SupplierID>TEST</SupplierID>
    <AccountID>TEST</AccountID>
    <AddressID>2</AddressID>
    <Street>Selby street</Street>
    <Deleted>false</Deleted>
  </AddressInfo>
</ArrayOfAddressInfo>
21:12:06,299 INFO  Address                Modify             - entered...
21:12:06,299 INFO  Address                Modify             - exited
21:12:06,315 DEBUG Address                Modify             - <?xml version="1.0"?>
<BaseResponse xmlns:xsi="http://www.w3.org/2001/XMLSchema-instance" xmlns:xsd="http://www.w3.org/2001/XMLSchema">
  <Status>true</Status>
</BaseResponse>
21:12:06,315 DEBUG Address                Sync4              - <?xml version="1.0"?>
<AddressSync4Response xmlns:xsi="http://www.w3.org/2001/XMLSchema-instance" xmlns:xsd="http://www.w3.org/2001/XMLSchema">
  <Status>true</Status>
  <Addresss>
    <AddressInfo>
      <SupplierID>TEST</SupplierID>
      <AccountID>TEST</AccountID>
      <AddressID>0</AddressID>
      <unit>1</unit>
      <Street>2</Street>
      <PostalCode>3</PostalCode>
      <City>4</City>
      <Region />
      <Country />
      <Telephone />
      <Cell />
      <Fax />
      <WebSite />
      <Email />
      <Deleted>false</Deleted>
    </AddressInfo>
    <AddressInfo>
      <SupplierID>TEST</SupplierID>
      <AccountID>TEST</AccountID>
      <AddressID>1</AddressID>
      <unit>1</unit>
      <Street>2</Street>
      <PostalCode>3</PostalCode>
      <City>4</City>
      <Region />
      <Country />
      <Telephone />
      <Cell />
      <Fax />
      <WebSite />
      <Email />
      <Deleted>true</Deleted>
    </AddressInfo>
    <AddressInfo>
      <SupplierID>TEST</SupplierID>
      <AccountID>TEST</AccountID>
      <AddressID>2</AddressID>
      <unit />
      <Street>Selby street</Street>
      <PostalCode />
      <City />
      <Region />
      <Country />
      <Telephone />
      <Cell />
      <Fax />
      <WebSite />
      <Email />
      <Deleted>false</Deleted>
    </AddressInfo>
  </Addresss>
  <LastVersion>10465</LastVersion>
</AddressSync4Response>
21:12:06,315 INFO  Address                Sync4              - exited
21:12:45,330 DEBUG Address                Sync4              - SupplierID: TEST // UserID: TEST
21:12:45,330 DEBUG Address                Sync4              - <?xml version="1.0"?>
<ArrayOfAddressInfo xmlns:xsi="http://www.w3.org/2001/XMLSchema-instance" xmlns:xsd="http://www.w3.org/2001/XMLSchema">
  <AddressInfo>
    <SupplierID>TEST</SupplierID>
    <AccountID>TEST</AccountID>
    <AddressID>2</AddressID>
    <Street>Selby street</Street>
    <Deleted>false</Deleted>
  </AddressInfo>
</ArrayOfAddressInfo>
21:12:45,377 INFO  Address                Modify             - entered...
21:12:45,393 INFO  Address                Modify             - exited
21:12:45,393 DEBUG Address                Modify             - <?xml version="1.0"?>
<BaseResponse xmlns:xsi="http://www.w3.org/2001/XMLSchema-instance" xmlns:xsd="http://www.w3.org/2001/XMLSchema">
  <Status>true</Status>
</BaseResponse>
21:12:45,408 DEBUG Address                Sync4              - <?xml version="1.0"?>
<AddressSync4Response xmlns:xsi="http://www.w3.org/2001/XMLSchema-instance" xmlns:xsd="http://www.w3.org/2001/XMLSchema">
  <Status>true</Status>
  <Addresss>
    <AddressInfo>
      <SupplierID>TEST</SupplierID>
      <AccountID>TEST</AccountID>
      <AddressID>0</AddressID>
      <unit>1</unit>
      <Street>2</Street>
      <PostalCode>3</PostalCode>
      <City>4</City>
      <Region />
      <Country />
      <Telephone />
      <Cell />
      <Fax />
      <WebSite />
      <Email />
      <Deleted>false</Deleted>
    </AddressInfo>
    <AddressInfo>
      <SupplierID>TEST</SupplierID>
      <AccountID>TEST</AccountID>
      <AddressID>1</AddressID>
      <unit>1</unit>
      <Street>2</Street>
      <PostalCode>3</PostalCode>
      <City>4</City>
      <Region />
      <Country />
      <Telephone />
      <Cell />
      <Fax />
      <WebSite />
      <Email />
      <Deleted>true</Deleted>
    </AddressInfo>
    <AddressInfo>
      <SupplierID>TEST</SupplierID>
      <AccountID>TEST</AccountID>
      <AddressID>2</AddressID>
      <unit />
      <Street>Selby street</Street>
      <PostalCode />
      <City />
      <Region />
      <Country />
      <Telephone />
      <Cell />
      <Fax />
      <WebSite />
      <Email />
      <Deleted>false</Deleted>
    </AddressInfo>
  </Addresss>
  <LastVersion>10466</LastVersion>
</AddressSync4Response>
21:12:45,424 INFO  Address                Sync4              - exited
21:14:25,549 INFO  Global_asax            Application_Start  - Application started...
